  CheckpointTimeLogger.cpp
C:\Users\Marcus\Documents\repos\Game_Engines_Midterm\InteractiveDLL\InteractiveDLL\CheckpointTimeLogger.h(20,27): warning C4251:  'CheckpointTimeLogger::m_RTBC': class 'std::vector<float,std::allocator<_Ty>>' needs to have dll-interface to be used by clients of class 'CheckpointTimeLogger'
C:\Users\Marcus\Documents\repos\Game_Engines_Midterm\InteractiveDLL\InteractiveDLL\CheckpointTimeLogger.h(20,27): warning C4251:         with
C:\Users\Marcus\Documents\repos\Game_Engines_Midterm\InteractiveDLL\InteractiveDLL\CheckpointTimeLogger.h(20,27): warning C4251:         [
C:\Users\Marcus\Documents\repos\Game_Engines_Midterm\InteractiveDLL\InteractiveDLL\CheckpointTimeLogger.h(20,27): warning C4251:             _Ty=float
C:\Users\Marcus\Documents\repos\Game_Engines_Midterm\InteractiveDLL\InteractiveDLL\CheckpointTimeLogger.h(20,27): warning C4251:         ]
C:\Users\Marcus\Documents\repos\Game_Engines_Midterm\InteractiveDLL\InteractiveDLL\CheckpointTimeLogger.h(20): message :  see declaration of 'std::vector<float,std::allocator<_Ty>>'
C:\Users\Marcus\Documents\repos\Game_Engines_Midterm\InteractiveDLL\InteractiveDLL\CheckpointTimeLogger.h(20): message :         with
C:\Users\Marcus\Documents\repos\Game_Engines_Midterm\InteractiveDLL\InteractiveDLL\CheckpointTimeLogger.h(20): message :         [
C:\Users\Marcus\Documents\repos\Game_Engines_Midterm\InteractiveDLL\InteractiveDLL\CheckpointTimeLogger.h(20): message :             _Ty=float
C:\Users\Marcus\Documents\repos\Game_Engines_Midterm\InteractiveDLL\InteractiveDLL\CheckpointTimeLogger.h(20): message :         ]
  Main.cpp
  Wrapper.cpp
C:\Users\Marcus\Documents\repos\Game_Engines_Midterm\InteractiveDLL\InteractiveDLL\CheckpointTimeLogger.cpp(27,22): warning C4267:  'return': conversion from 'size_t' to 'int', possible loss of data
C:\Users\Marcus\Documents\repos\Game_Engines_Midterm\InteractiveDLL\InteractiveDLL\CheckpointTimeLogger.h(20,27): warning C4251:  'CheckpointTimeLogger::m_RTBC': class 'std::vector<float,std::allocator<_Ty>>' needs to have dll-interface to be used by clients of class 'CheckpointTimeLogger'
C:\Users\Marcus\Documents\repos\Game_Engines_Midterm\InteractiveDLL\InteractiveDLL\CheckpointTimeLogger.h(20,27): warning C4251:         with
C:\Users\Marcus\Documents\repos\Game_Engines_Midterm\InteractiveDLL\InteractiveDLL\CheckpointTimeLogger.h(20,27): warning C4251:         [
C:\Users\Marcus\Documents\repos\Game_Engines_Midterm\InteractiveDLL\InteractiveDLL\CheckpointTimeLogger.h(20,27): warning C4251:             _Ty=float
C:\Users\Marcus\Documents\repos\Game_Engines_Midterm\InteractiveDLL\InteractiveDLL\CheckpointTimeLogger.h(20,27): warning C4251:         ]
  Generating Code...
C:\Users\Marcus\Documents\repos\Game_Engines_Midterm\InteractiveDLL\InteractiveDLL\CheckpointTimeLogger.h(20): message :  see declaration of 'std::vector<float,std::allocator<_Ty>>'
C:\Users\Marcus\Documents\repos\Game_Engines_Midterm\InteractiveDLL\InteractiveDLL\CheckpointTimeLogger.h(20): message :         with
C:\Users\Marcus\Documents\repos\Game_Engines_Midterm\InteractiveDLL\InteractiveDLL\CheckpointTimeLogger.h(20): message :         [
C:\Users\Marcus\Documents\repos\Game_Engines_Midterm\InteractiveDLL\InteractiveDLL\CheckpointTimeLogger.h(20): message :             _Ty=float
C:\Users\Marcus\Documents\repos\Game_Engines_Midterm\InteractiveDLL\InteractiveDLL\CheckpointTimeLogger.h(20): message :         ]
     Creating library C:\Users\Marcus\Documents\repos\Game_Engines_Midterm\InteractiveDLL\x64\Debug\InteractiveDLL.lib and object C:\Users\Marcus\Documents\repos\Game_Engines_Midterm\InteractiveDLL\x64\Debug\InteractiveDLL.exp
  InteractiveDLL.vcxproj -> C:\Users\Marcus\Documents\repos\Game_Engines_Midterm\InteractiveDLL\x64\Debug\InteractiveDLL.dll
